<?xml version="1.0" encoding="UTF-8"?>
<!-- Generated by org.testng.reporters.JUnitReportReporter -->
<testsuite hostname="DESKTOP-PKSDS0O" failures="0" tests="2" name="takeAlotTests.TestsTakeAlot" time="18.574" errors="0" timestamp="2022-04-26T16:25:28 SAST" skipped="0">
  <testcase classname="takeAlotTests.TestsTakeAlot" name="UseDataProvider" time="9.836"/>
  <system-out/>
  <testcase classname="takeAlotTests.TestsTakeAlot" name="UseDataProvider" time="8.738"/>
  <system-out/>
</testsuite> <!-- takeAlotTests.TestsTakeAlot -->
